2015-07-30 11:20:37 INFO  LogLog4j:41 - Opening login page
2015-07-30 11:20:37 INFO  LogLog4j:47 - Filling data and loggin in
2015-07-30 11:20:37 INFO  LogLog4j:63 - entering email: jakoff+11@gmail.com 
2015-07-30 11:22:30 INFO  LogLog4j:41 - Opening login page
2015-07-30 11:22:30 INFO  LogLog4j:47 - Filling data and loggin in
2015-07-30 11:22:30 INFO  LogLog4j:63 - entering email: jakoff+11@gmail.com 
2015-07-30 11:23:48 INFO  LogLog4j:41 - Opening login page
2015-07-30 11:23:48 INFO  LogLog4j:47 - Filling data and loggin in
2015-07-30 11:23:48 INFO  LogLog4j:63 - entering email: jakoff+11@gmail.com 
2015-07-30 11:29:16 INFO  LogLog4j:41 - Opening login page
2015-07-30 11:29:16 INFO  LogLog4j:142 - Clicking on 'Create new Folder' button
2015-07-30 11:29:16 INFO  LogLog4j:41 - Opening login page
2015-07-30 11:29:16 INFO  LogLog4j:142 - Clicking on 'Create new Folder' button
2015-07-30 11:30:27 INFO  LogLog4j:41 - Opening login page
2015-07-30 11:30:27 INFO  LogLog4j:142 - Clicking on 'Create new Folder' button
2015-07-30 11:30:27 INFO  LogLog4j:41 - Opening login page
2015-07-30 11:30:27 INFO  LogLog4j:142 - Clicking on 'Create new Folder' button
2015-07-30 11:31:25 INFO  LogLog4j:41 - Opening login page
2015-07-30 11:32:09 INFO  LogLog4j:50 - Filling data and loggin in
2015-07-30 11:32:09 INFO  LogLog4j:63 - entering email: jakoff+11@gmail.com 
2015-07-30 11:33:03 INFO  LogLog4j:41 - Opening login page
2015-07-30 11:33:03 INFO  LogLog4j:142 - Clicking on 'Create new Folder' button
2015-07-30 11:33:03 INFO  LogLog4j:41 - Opening login page
2015-07-30 11:33:03 INFO  LogLog4j:142 - Clicking on 'Create new Folder' button
2015-07-30 20:24:43 INFO  LogLog4j:41 - Opening login page
2015-07-30 20:24:43 INFO  LogLog4j:142 - Clicking on 'Create new Folder' button
2015-07-30 20:24:43 INFO  LogLog4j:41 - Opening login page
2015-07-30 20:24:43 INFO  LogLog4j:142 - Clicking on 'Create new Folder' button
2015-07-30 20:26:54 INFO  LogLog4j:41 - Opening login page
2015-07-30 20:26:54 INFO  LogLog4j:142 - Clicking on 'Create new Folder' button
2015-07-30 20:26:54 INFO  LogLog4j:41 - Opening login page
2015-07-30 20:26:54 INFO  LogLog4j:142 - Clicking on 'Create new Folder' button
2015-07-30 20:31:29 INFO  LogLog4j:41 - Opening login page
2015-07-30 20:31:44 INFO  LogLog4j:41 - Opening login page
2015-07-30 20:31:50 INFO  LogLog4j:63 - entering email: jakoff+11@gmail.com 
2015-07-30 20:32:20 INFO  LogLog4j:142 - Clicking on 'Create new Folder' button
2015-07-30 20:33:45 INFO  LogLog4j:41 - Opening login page
2015-07-30 20:34:14 INFO  LogLog4j:41 - Opening login page
2015-07-30 20:34:23 INFO  LogLog4j:63 - entering email: jakoff+11@gmail.com 
2015-07-30 20:38:15 INFO  LogLog4j:41 - Opening login page
2015-07-30 20:39:01 INFO  LogLog4j:41 - Opening login page
2015-07-30 20:39:10 INFO  LogLog4j:63 - entering email: jakoff+11@gmail.com 
2015-07-30 20:39:40 INFO  LogLog4j:142 - Clicking on 'Create new Folder' button
2015-07-30 20:40:10 INFO  LogLog4j:41 - Opening login page
2015-07-30 20:40:18 INFO  LogLog4j:41 - Opening login page
2015-07-30 20:40:26 INFO  LogLog4j:63 - entering email: jakoff+11@gmail.com 
2015-07-30 20:40:56 INFO  LogLog4j:142 - Clicking on 'Create new Folder' button
2015-07-30 20:41:14 INFO  LogLog4j:41 - Opening login page
2015-07-30 20:41:27 INFO  LogLog4j:77 - Wait for Main page to load
2015-07-30 20:43:03 INFO  LogLog4j:50 - Filling data and loggin in
2015-07-30 20:43:03 INFO  LogLog4j:63 - entering email: jakoff+11@gmail.com 
2015-07-30 20:45:14 INFO  LogLog4j:41 - Opening login page
2015-07-30 20:45:25 INFO  LogLog4j:77 - Wait for Main page to load
2015-07-30 20:46:56 INFO  LogLog4j:50 - Filling data and loggin in
2015-07-30 20:46:56 INFO  LogLog4j:63 - entering email: jakoff+11@gmail.com 
2015-07-30 20:46:56 INFO  LogLog4j:69 - entering password: Piterpan1234.com 
2015-07-30 20:46:56 INFO  LogLog4j:77 - Wait for Main page to load
2015-07-30 20:47:01 INFO  LogLog4j:77 - Wait for Main page to load
2015-07-30 20:47:01 INFO  LogLog4j:89 - Logging out
2015-07-30 20:53:41 INFO  LogLog4j:39 - Opening login page
2015-07-30 20:53:51 INFO  LogLog4j:76 - Wait for Main page to load
2015-07-30 20:54:52 INFO  LogLog4j:50 - Filling data and loggin in
2015-07-30 20:54:52 INFO  LogLog4j:56 - entering email: jakoff+11@gmail.com 
2015-07-30 20:54:52 INFO  LogLog4j:62 - entering password: Piterpan1234.com 
2015-07-30 20:54:53 INFO  LogLog4j:76 - Wait for Main page to load
2015-07-30 20:55:04 INFO  LogLog4j:76 - Wait for Main page to load
2015-07-30 20:55:04 INFO  LogLog4j:83 - Logging out
2015-07-30 20:57:43 INFO  LogLog4j:39 - Opening login page
2015-07-30 20:57:54 INFO  LogLog4j:76 - Waiting for Main page to load
2015-07-30 20:58:55 INFO  LogLog4j:50 - Filling data and loggin in
2015-07-30 20:58:55 INFO  LogLog4j:56 - entering email: jakoff+11@gmail.com 
2015-07-30 20:58:55 INFO  LogLog4j:62 - entering password: Piterpan1234.com 
2015-07-30 20:58:56 INFO  LogLog4j:76 - Waiting for Main page to load
2015-07-30 20:58:59 INFO  LogLog4j:76 - Waiting for Main page to load
2015-07-30 20:59:00 INFO  LogLog4j:83 - Logging out
2015-07-30 21:01:55 INFO  LogLog4j:39 - Opening login page
2015-07-30 21:02:38 INFO  LogLog4j:69 - Negative test - login with wrong credentials
2015-07-30 21:02:38 INFO  LogLog4j:56 - entering email: jakoff+11@gmail.com 
2015-07-30 21:02:38 INFO  LogLog4j:62 - entering password: wrongPass 
2015-07-30 21:02:39 INFO  LogLog4j:75 - Checking, that alert message 'Invalid Email or password' appears
2015-07-30 21:02:40 INFO  LogLog4j:78 - Checking, that user is still on login page
2015-07-30 21:03:10 INFO  LogLog4j:39 - Opening login page
2015-07-30 21:03:44 INFO  LogLog4j:69 - Negative test - login with wrong credentials
2015-07-30 21:03:44 INFO  LogLog4j:56 - entering email: wrongEmail 
2015-07-30 21:03:44 INFO  LogLog4j:62 - entering password: Piterpan1234.com 
2015-07-30 21:03:44 INFO  LogLog4j:75 - Checking, that alert message 'Invalid Email or password' appears
2015-07-30 21:21:25 INFO  LogLog4j:39 - Opening login page
2015-07-30 21:22:06 INFO  LogLog4j:69 - Negative test - login with wrong credentials
2015-07-30 21:22:06 INFO  LogLog4j:56 - entering email: jakoff+11@gmail.com 
2015-07-30 21:22:06 INFO  LogLog4j:62 - entering password: wrongPass 
2015-07-30 21:22:07 INFO  LogLog4j:75 - Checking, that alert message 'Invalid Email or password' appears
2015-07-30 21:22:08 INFO  LogLog4j:78 - Checking, that user is still on login page
2015-07-30 21:22:38 INFO  LogLog4j:39 - Opening login page
2015-07-30 21:27:17 INFO  LogLog4j:39 - Opening login page
2015-07-30 21:27:30 INFO  LogLog4j:39 - Opening login page
2015-07-30 21:27:32 INFO  LogLog4j:56 - entering email: jakoff+11@gmail.com 
2015-07-30 21:27:33 INFO  LogLog4j:62 - entering password: Piterpan1234.com 
2015-07-30 21:27:33 INFO  LogLog4j:76 - Waiting for Main page to load
2015-07-30 22:12:37 INFO  LogLog4j:39 - Opening login page
2015-07-30 22:13:48 INFO  LogLog4j:50 - Filling data and loggin in
2015-07-30 22:13:48 INFO  LogLog4j:56 - entering email: jakoff+11@gmail.com 
2015-07-30 22:13:48 INFO  LogLog4j:62 - entering password: Piterpan1234.com 
2015-07-30 22:13:49 INFO  LogLog4j:76 - Waiting for Main page to load
2015-07-30 22:13:55 INFO  LogLog4j:39 - Opening login page
2015-07-30 22:14:59 INFO  LogLog4j:69 - Negative test - login with wrong credentials
2015-07-30 22:14:59 INFO  LogLog4j:56 - entering email: jakoff+11@gmail.com 
2015-07-30 22:15:29 INFO  LogLog4j:39 - Opening login page
2015-07-30 22:16:32 INFO  LogLog4j:69 - Negative test - login with wrong credentials
2015-07-30 22:16:32 INFO  LogLog4j:56 - entering email: wrongEmail@gmail.com 
2015-07-30 22:17:02 INFO  LogLog4j:39 - Opening login page
2015-07-30 22:18:06 INFO  LogLog4j:92 - Loggin in
2015-07-30 22:18:06 INFO  LogLog4j:56 - entering email: jakoff+11@gmail.com 
2015-07-31 00:27:10 INFO  LogLog4j:39 - Opening login page
2015-07-31 00:27:52 INFO  LogLog4j:50 - Filling data and loggin in
2015-07-31 00:27:52 INFO  LogLog4j:56 - entering email: jakoff+11@gmail.com 
2015-07-31 00:27:52 INFO  LogLog4j:62 - entering password: Piterpan1234.com 
2015-07-31 00:27:52 INFO  LogLog4j:76 - Waiting for Main page to load
2015-07-31 00:28:00 INFO  LogLog4j:39 - Opening login page
2015-07-31 00:29:09 INFO  LogLog4j:69 - Negative test - login with wrong credentials
2015-07-31 00:29:09 INFO  LogLog4j:56 - entering email: jakoff+11@gmail.com 
2015-07-31 00:29:39 INFO  LogLog4j:39 - Opening login page
2015-07-31 00:30:01 INFO  LogLog4j:69 - Negative test - login with wrong credentials
2015-07-31 00:30:01 INFO  LogLog4j:56 - entering email: wrongEmail@gmail.com 
2015-07-31 00:30:01 INFO  LogLog4j:62 - entering password: Piterpan1234.com 
2015-07-31 00:30:01 INFO  LogLog4j:75 - Checking, that alert message 'Invalid Email or password' appears
2015-07-31 00:30:02 INFO  LogLog4j:77 - Assert passed - Alert message appears
2015-07-31 00:30:02 INFO  LogLog4j:79 - Checking, that user is still on login page
2015-07-31 00:30:02 INFO  LogLog4j:81 - Assert passed - User remaining on login page
2015-07-31 00:30:02 INFO  LogLog4j:39 - Opening login page
2015-07-31 00:30:39 INFO  LogLog4j:92 - Loggin in
2015-07-31 00:30:39 INFO  LogLog4j:56 - entering email: jakoff+11@gmail.com 
2015-07-31 00:30:39 INFO  LogLog4j:62 - entering password: Piterpan1234.com 
2015-07-31 00:30:40 INFO  LogLog4j:76 - Waiting for Main page to load
2015-07-31 00:34:21 INFO  LogLog4j:39 - Opening login page
2015-07-31 00:34:33 INFO  LogLog4j:39 - Opening login page
2015-07-31 00:34:36 INFO  LogLog4j:56 - entering email: jakoff+11@gmail.com 
2015-07-31 00:34:36 INFO  LogLog4j:62 - entering password: Piterpan1234.com 
2015-07-31 00:34:37 INFO  LogLog4j:76 - Waiting for Main page to load
2015-07-31 00:34:42 INFO  LogLog4j:108 - Starting upload new file
2015-07-31 00:34:42 INFO  LogLog4j:91 - Clicking on 'Upload File' button
2015-07-31 00:34:44 INFO  LogLog4j:97 - Clicking on 'Choose File' button
2015-07-31 00:34:44 INFO  LogLog4j:112 - Sending Path to file
2015-07-31 00:34:47 INFO  LogLog4j:127 - waiting for file uploading
2015-07-31 00:34:52 INFO  LogLog4j:108 - Starting upload new file
2015-07-31 00:34:52 INFO  LogLog4j:91 - Clicking on 'Upload File' button
2015-07-31 00:34:52 INFO  LogLog4j:97 - Clicking on 'Choose File' button
2015-07-31 00:34:52 INFO  LogLog4j:112 - Sending Path to file
2015-07-31 00:34:52 INFO  LogLog4j:127 - waiting for file uploading
2015-07-31 00:38:47 INFO  LogLog4j:39 - Opening login page
2015-07-31 00:38:59 INFO  LogLog4j:39 - Opening login page
2015-07-31 00:39:01 INFO  LogLog4j:56 - entering email: jakoff+11@gmail.com 
2015-07-31 00:39:01 INFO  LogLog4j:62 - entering password: Piterpan1234.com 
2015-07-31 00:39:02 INFO  LogLog4j:76 - Waiting for Main page to load
2015-07-31 00:39:06 INFO  LogLog4j:108 - Starting upload new file
2015-07-31 00:39:06 INFO  LogLog4j:91 - Clicking on 'Upload File' button
2015-07-31 00:39:07 INFO  LogLog4j:97 - Clicking on 'Choose File' button
2015-07-31 00:39:08 INFO  LogLog4j:112 - Sending Path to file
2015-07-31 00:39:08 INFO  LogLog4j:127 - waiting for file uploading
2015-07-31 00:39:11 INFO  LogLog4j:129 - clicking on Done button
2015-07-31 00:39:11 INFO  LogLog4j:102 - Clicking on 'Choose File' button
2015-07-31 00:39:11 INFO  LogLog4j:108 - Starting upload new file
2015-07-31 00:39:11 INFO  LogLog4j:91 - Clicking on 'Upload File' button
2015-07-31 00:39:12 INFO  LogLog4j:97 - Clicking on 'Choose File' button
2015-07-31 00:40:06 INFO  LogLog4j:39 - Opening login page
2015-07-31 00:40:20 INFO  LogLog4j:39 - Opening login page
2015-07-31 00:40:23 INFO  LogLog4j:56 - entering email: jakoff+11@gmail.com 
2015-07-31 00:40:24 INFO  LogLog4j:62 - entering password: Piterpan1234.com 
2015-07-31 00:40:24 INFO  LogLog4j:76 - Waiting for Main page to load
2015-07-31 00:40:28 INFO  LogLog4j:136 - Clicking on 'Create new Folder' button
2015-07-31 00:40:29 INFO  LogLog4j:142 - Entering new folder name demo-1963672662
2015-07-31 00:40:32 INFO  LogLog4j:155 - Getting new folder name from main page
2015-07-31 00:40:32 INFO  LogLog4j:157 - New folder name from main page is demo-1963672662
2015-07-31 00:40:32 INFO  LogLog4j:158 - Checking, that new folder name is correct
2015-07-31 00:40:32 INFO  LogLog4j:39 - Opening login page
2015-07-31 00:41:24 INFO  LogLog4j:136 - Clicking on 'Create new Folder' button
2015-07-31 00:55:13 INFO  LogLog4j:39 - Opening login page
2015-07-31 00:55:25 INFO  LogLog4j:39 - Opening login page
2015-07-31 00:55:28 INFO  LogLog4j:56 - entering email: jakoff+11@gmail.com 
2015-07-31 00:55:29 INFO  LogLog4j:62 - entering password: Piterpan1234.com 
2015-07-31 00:55:29 INFO  LogLog4j:76 - Waiting for Main page to load
2015-07-31 00:55:34 INFO  LogLog4j:136 - Clicking on 'Create new Folder' button
2015-07-31 00:55:35 INFO  LogLog4j:142 - Entering new folder name demo-145908114
2015-07-31 00:55:38 INFO  LogLog4j:155 - Getting new folder name from main page
2015-07-31 00:55:38 INFO  LogLog4j:157 - New folder name from main page is demo-145908114
2015-07-31 00:55:38 INFO  LogLog4j:158 - Checking, that new folder name is correct
2015-07-31 00:55:38 INFO  LogLog4j:39 - Opening login page
2015-07-31 00:56:41 INFO  LogLog4j:136 - Clicking on 'Create new Folder' button
2015-07-31 00:56:42 INFO  LogLog4j:142 - Entering new folder name demo-501906406
2015-07-31 00:56:44 INFO  LogLog4j:155 - Getting new folder name from main page
2015-07-31 00:58:08 INFO  LogLog4j:39 - Opening login page
2015-07-31 00:58:19 INFO  LogLog4j:39 - Opening login page
2015-07-31 00:58:21 INFO  LogLog4j:56 - entering email: jakoff+11@gmail.com 
2015-07-31 00:58:22 INFO  LogLog4j:62 - entering password: Piterpan1234.com 
2015-07-31 00:58:23 INFO  LogLog4j:76 - Waiting for Main page to load
2015-07-31 00:58:27 INFO  LogLog4j:136 - Clicking on 'Create new Folder' button
2015-07-31 00:58:28 INFO  LogLog4j:142 - Entering new folder name demo841800550
2015-07-31 00:58:30 INFO  LogLog4j:155 - Getting new folder name from main page
2015-07-31 00:58:30 INFO  LogLog4j:157 - New folder name from main page is demo841800550
2015-07-31 00:58:30 INFO  LogLog4j:158 - Checking, that new folder name is correct
2015-07-31 00:58:30 INFO  LogLog4j:39 - Opening login page
2015-07-31 00:59:40 INFO  LogLog4j:39 - Opening login page
2015-07-31 00:59:53 INFO  LogLog4j:75 - Loggin in
2015-07-31 00:59:53 INFO  LogLog4j:56 - entering email: jakoff+11@gmail.com 
2015-07-31 00:59:53 INFO  LogLog4j:62 - entering password: Piterpan1234.com 
2015-07-31 00:59:54 INFO  LogLog4j:76 - Waiting for Main page to load
2015-07-31 01:01:25 INFO  LogLog4j:39 - Opening login page
2015-07-31 01:01:42 INFO  LogLog4j:75 - Loggin in
2015-07-31 01:01:42 INFO  LogLog4j:56 - entering email: jakoff+11@gmail.com 
2015-07-31 01:01:42 INFO  LogLog4j:62 - entering password: Piterpan1234.com 
2015-07-31 01:01:43 INFO  LogLog4j:76 - Waiting for Main page to load
2015-07-31 01:02:29 INFO  LogLog4j:39 - Opening login page
2015-07-31 01:02:44 INFO  LogLog4j:75 - Loggin in
2015-07-31 01:02:44 INFO  LogLog4j:56 - entering email: jakoff+11@gmail.com 
2015-07-31 01:02:44 INFO  LogLog4j:62 - entering password: Piterpan1234.com 
2015-07-31 01:02:45 INFO  LogLog4j:76 - Waiting for Main page to load
2015-07-31 01:02:50 INFO  LogLog4j:83 - Logging out
2015-07-31 11:12:30 INFO  LogLog4j:39 - Opening login page
2015-07-31 11:28:15 INFO  LogLog4j:36 - Filling data and loggin in
2015-07-31 11:28:15 INFO  LogLog4j:39 - Opening login page
2015-07-31 11:29:22 INFO  LogLog4j:56 - entering email: jakoff+11@gmail.com 
2015-07-31 11:29:28 INFO  LogLog4j:62 - entering password: Piterpan1234.com 
2015-07-31 11:29:30 INFO  LogLog4j:76 - Waiting for Main page to load
2015-07-31 11:29:37 INFO  LogLog4j:56 - Negative test - login with wrong credentials
2015-07-31 11:29:37 INFO  LogLog4j:39 - Opening login page
2015-07-31 11:29:38 INFO  LogLog4j:56 - entering email: jakoff+11@gmail.com 
2015-07-31 11:30:04 INFO  LogLog4j:56 - Negative test - login with wrong credentials
2015-07-31 11:30:04 INFO  LogLog4j:39 - Opening login page
2015-07-31 11:30:08 INFO  LogLog4j:56 - entering email: wrongEmail@gmail.com 
2015-07-31 11:30:08 INFO  LogLog4j:80 - Loggin in
2015-07-31 11:30:08 INFO  LogLog4j:39 - Opening login page
2015-07-31 11:30:12 INFO  LogLog4j:56 - entering email: jakoff+11@gmail.com 
2015-07-31 11:30:12 INFO  LogLog4j:39 - Opening login page
2015-07-31 11:31:01 INFO  LogLog4j:39 - Opening login page
2015-07-31 11:31:50 INFO  LogLog4j:39 - Opening login page
2015-07-31 11:32:38 INFO  LogLog4j:39 - Opening login page
2015-07-31 11:49:44 INFO  LogLog4j:36 - Filling data and loggin in
2015-07-31 11:49:44 INFO  LogLog4j:39 - Opening login page
2015-07-31 11:50:58 INFO  LogLog4j:56 - entering email: jakoff+11@gmail.com 
2015-07-31 11:51:01 INFO  LogLog4j:62 - entering password: Piterpan1234.com 
2015-07-31 11:51:04 INFO  LogLog4j:76 - Waiting for Main page to load
2015-07-31 11:51:11 INFO  LogLog4j:56 - Negative test - login with wrong credentials
2015-07-31 11:51:11 INFO  LogLog4j:39 - Opening login page
2015-07-31 11:51:11 INFO  LogLog4j:56 - entering email: jakoff+11@gmail.com 
2015-07-31 11:51:16 INFO  LogLog4j:56 - Negative test - login with wrong credentials
2015-07-31 11:51:16 INFO  LogLog4j:39 - Opening login page
2015-07-31 11:51:20 INFO  LogLog4j:56 - entering email: wrongEmail@gmail.com 
2015-07-31 11:51:20 INFO  LogLog4j:80 - Loggin in
2015-07-31 11:51:20 INFO  LogLog4j:39 - Opening login page
2015-07-31 11:51:24 INFO  LogLog4j:56 - entering email: jakoff+11@gmail.com 
